<?xml version="1.0" encoding="UTF-8"?>
<testsuite name="org.example.SILab2Test" tests="2" skipped="0" failures="0" errors="0" timestamp="2025-05-11T20:56:54" hostname="BOJANALAPTOP" time="0.061">
  <properties/>
  <testcase name="checkCart_MultipleCondition()" classname="org.example.SILab2Test" time="0.048"/>
  <testcase name="checkCart()" classname="org.example.SILab2Test" time="0.007"/>
  <system-out><![CDATA[]]></system-out>
  <system-err><![CDATA[]]></system-err>
</testsuite>
